<?xml version="1.0" encoding="UTF-8"?>
<!-- Generated by org.testng.reporters.JUnitReportReporter -->
<testsuite hostname="DESKTOP-7GLCUIV" failures="0" tests="1" name="practice.TC_16Test" time="15.736" errors="1" timestamp="2021-08-12T09:44:36 IST" skipped="0">
  <testcase classname="practice.TC_16Test" name="removeAccount" time="15.736">
    <error message="session not created
from disconnected: received Inspector.detached event
  (Session info: chrome=92.0.4515.131)
Build info: version: &#039;3.141.59&#039;, revision: &#039;e82be7d358&#039;, time: &#039;2018-11-14T08:25:53&#039;
System info: host: &#039;DESKTOP-7GLCUIV&#039;, ip: &#039;172.16.17.51&#039;, os.name: &#039;Windows 10&#039;, os.arch: &#039;amd64&#039;, os.version: &#039;10.0&#039;, java.version: &#039;15.0.2&#039;
Driver info: driver.version: ChromeDriver
remote stacktrace: Backtrace:
	Ordinal0 [0x002B2A33+2501171]
	Ordinal0 [0x0024D1C1+2085313]
	Ordinal0 [0x00151FA8+1056680]
	Ordinal0 [0x00145474+1004660]
	Ordinal0 [0x001450B6+1003702]
	Ordinal0 [0x001447FA+1001466]
	Ordinal0 [0x0014398D+997773]
	Ordinal0 [0x00143C46+998470]
	Ordinal0 [0x00143535+996661]
	Ordinal0 [0x0014E0C4+1040580]
	Ordinal0 [0x001434F1+996593]
	Ordinal0 [0x00144416+1000470]
	Ordinal0 [0x0014398D+997773]
	Ordinal0 [0x00143C46+998470]
	Ordinal0 [0x00143535+996661]
	Ordinal0 [0x0014C13A+1032506]
	Ordinal0 [0x001434F1+996593]
	Ordinal0 [0x00144416+1000470]
	Ordinal0 [0x0014398D+997773]
	Ordinal0 [0x00143C46+998470]
	Ordinal0 [0x00143535+996661]
	Ordinal0 [0x00149FC9+1023945]
	Ordinal0 [0x001434F1+996593]
	Ordinal0 [0x00144416+1000470]
	Ordinal0 [0x0014398D+997773]
	Ordinal0 [0x00143C46+998470]
	Ordinal0 [0x00143535+996661]
	Ordinal0 [0x001492EC+1020652]
	Ordinal0 [0x001434F1+996593]
	Ordinal0 [0x00144416+1000470]
	Ordinal0 [0x0014398D+997773]
	Ordinal0 [0x00143C46+998470]
	Ordinal0 [0x00143535+996661]
	Ordinal0 [0x0013F10D+979213]
	Ordinal0 [0x001434F1+996593]
	Ordinal0 [0x00143290+995984]
	Ordinal0 [0x00143029+995369]
	Ordinal0 [0x001531C0+1061312]
	Ordinal0 [0x0019A93B+1354043]
	Ordinal0 [0x0019960A+1349130]
	Ordinal0 [0x0019551B+1332507]
	Ordinal0 [0x00171D74+1187188]
	Ordinal0 [0x00172BD9+1190873]
	GetHandleVerifier [0x0042EFE6+1504438]
	GetHandleVerifier [0x004DDDA5+2220661]
	GetHandleVerifier [0x00335589+481881]
	GetHandleVerifier [0x00334639+477961]
	Ordinal0 [0x002528BD+2107581]
	Ordinal0 [0x00256728+2123560]
	Ordinal0 [0x00256862+2123874]
	Ordinal0 [0x0025FA81+2161281]
	BaseThreadInitThunk [0x73F38744+36]
	RtlGetAppContainerNamedObjectPath [0x774958ED+253]
	RtlGetAppContainerNamedObjectPath [0x774958BD+205]
	(No symbol) [0x00000000]
" type="org.openqa.selenium.SessionNotCreatedException">
      <![CDATA[org.openqa.selenium.SessionNotCreatedException: session not created
from disconnected: received Inspector.detached event
  (Session info: chrome=92.0.4515.131)
Build info: version: '3.141.59', revision: 'e82be7d358', time: '2018-11-14T08:25:53'
System info: host: 'DESKTOP-7GLCUIV', ip: '172.16.17.51', os.name: 'Windows 10', os.arch: 'amd64', os.version: '10.0', java.version: '15.0.2'
Driver info: driver.version: ChromeDriver
remote stacktrace: Backtrace:
Ordinal0 [0x002B2A33+2501171]
Ordinal0 [0x0024D1C1+2085313]
Ordinal0 [0x00151FA8+1056680]
Ordinal0 [0x00145474+1004660]
Ordinal0 [0x001450B6+1003702]
Ordinal0 [0x001447FA+1001466]
Ordinal0 [0x0014398D+997773]
Ordinal0 [0x00143C46+998470]
Ordinal0 [0x00143535+996661]
Ordinal0 [0x0014E0C4+1040580]
Ordinal0 [0x001434F1+996593]
Ordinal0 [0x00144416+1000470]
Ordinal0 [0x0014398D+997773]
Ordinal0 [0x00143C46+998470]
Ordinal0 [0x00143535+996661]
Ordinal0 [0x0014C13A+1032506]
Ordinal0 [0x001434F1+996593]
Ordinal0 [0x00144416+1000470]
Ordinal0 [0x0014398D+997773]
Ordinal0 [0x00143C46+998470]
Ordinal0 [0x00143535+996661]
Ordinal0 [0x00149FC9+1023945]
Ordinal0 [0x001434F1+996593]
Ordinal0 [0x00144416+1000470]
Ordinal0 [0x0014398D+997773]
Ordinal0 [0x00143C46+998470]
Ordinal0 [0x00143535+996661]
Ordinal0 [0x001492EC+1020652]
Ordinal0 [0x001434F1+996593]
Ordinal0 [0x00144416+1000470]
Ordinal0 [0x0014398D+997773]
Ordinal0 [0x00143C46+998470]
Ordinal0 [0x00143535+996661]
Ordinal0 [0x0013F10D+979213]
Ordinal0 [0x001434F1+996593]
Ordinal0 [0x00143290+995984]
Ordinal0 [0x00143029+995369]
Ordinal0 [0x001531C0+1061312]
Ordinal0 [0x0019A93B+1354043]
Ordinal0 [0x0019960A+1349130]
Ordinal0 [0x0019551B+1332507]
Ordinal0 [0x00171D74+1187188]
Ordinal0 [0x00172BD9+1190873]
GetHandleVerifier [0x0042EFE6+1504438]
GetHandleVerifier [0x004DDDA5+2220661]
GetHandleVerifier [0x00335589+481881]
GetHandleVerifier [0x00334639+477961]
Ordinal0 [0x002528BD+2107581]
Ordinal0 [0x00256728+2123560]
Ordinal0 [0x00256862+2123874]
Ordinal0 [0x0025FA81+2161281]
BaseThreadInitThunk [0x73F38744+36]
RtlGetAppContainerNamedObjectPath [0x774958ED+253]
RtlGetAppContainerNamedObjectPath [0x774958BD+205]
(No symbol) [0x00000000]

at java.base/jdk.internal.reflect.NativeConstructorAccessorImpl.newInstance0(Native Method)
at java.base/jdk.internal.reflect.NativeConstructorAccessorImpl.newInstance(NativeConstructorAccessorImpl.java:64)
at java.base/jdk.internal.reflect.DelegatingConstructorAccessorImpl.newInstance(DelegatingConstructorAccessorImpl.java:45)
at java.base/java.lang.reflect.Constructor.newInstanceWithCaller(Constructor.java:500)
at java.base/java.lang.reflect.Constructor.newInstance(Constructor.java:481)
at org.openqa.selenium.remote.W3CHandshakeResponse.lambda$errorHandler$0(W3CHandshakeResponse.java:62)
at org.openqa.selenium.remote.HandshakeResponse.lambda$getResponseFunction$0(HandshakeResponse.java:30)
at org.openqa.selenium.remote.ProtocolHandshake.lambda$createSession$0(ProtocolHandshake.java:126)
at java.base/java.util.stream.ReferencePipeline$3$1.accept(ReferencePipeline.java:195)
at java.base/java.util.Spliterators$ArraySpliterator.tryAdvance(Spliterators.java:958)
at java.base/java.util.stream.ReferencePipeline.forEachWithCancel(ReferencePipeline.java:127)
at java.base/java.util.stream.AbstractPipeline.copyIntoWithCancel(AbstractPipeline.java:502)
at java.base/java.util.stream.AbstractPipeline.copyInto(AbstractPipeline.java:488)
at java.base/java.util.stream.AbstractPipeline.wrapAndCopyInto(AbstractPipeline.java:474)
at java.base/java.util.stream.FindOps$FindOp.evaluateSequential(FindOps.java:150)
at java.base/java.util.stream.AbstractPipeline.evaluate(AbstractPipeline.java:234)
at java.base/java.util.stream.ReferencePipeline.findFirst(ReferencePipeline.java:543)
at org.openqa.selenium.remote.ProtocolHandshake.createSession(ProtocolHandshake.java:128)
at org.openqa.selenium.remote.ProtocolHandshake.createSession(ProtocolHandshake.java:74)
at org.openqa.selenium.remote.HttpCommandExecutor.execute(HttpCommandExecutor.java:136)
at org.openqa.selenium.remote.service.DriverCommandExecutor.execute(DriverCommandExecutor.java:83)
at org.openqa.selenium.remote.RemoteWebDriver.execute(RemoteWebDriver.java:552)
at org.openqa.selenium.remote.RemoteWebDriver.startSession(RemoteWebDriver.java:213)
at org.openqa.selenium.remote.RemoteWebDriver.<init>(RemoteWebDriver.java:131)
at org.openqa.selenium.chrome.ChromeDriver.<init>(ChromeDriver.java:181)
at org.openqa.selenium.chrome.ChromeDriver.<init>(ChromeDriver.java:168)
at org.openqa.selenium.chrome.ChromeDriver.<init>(ChromeDriver.java:123)
at practice.TC_16Test.removeAccount(TC_16Test.java:16)
at java.base/jdk.internal.reflect.NativeMethodAccessorImpl.invoke0(Native Method)
at java.base/jdk.internal.reflect.NativeMethodAccessorImpl.invoke(NativeMethodAccessorImpl.java:64)
at java.base/jdk.internal.reflect.DelegatingMethodAccessorImpl.invoke(DelegatingMethodAccessorImpl.java:43)
at java.base/java.lang.reflect.Method.invoke(Method.java:564)
at org.testng.internal.MethodInvocationHelper.invokeMethod(MethodInvocationHelper.java:133)
at org.testng.internal.TestInvoker.invokeMethod(TestInvoker.java:598)
at org.testng.internal.TestInvoker.invokeTestMethod(TestInvoker.java:173)
at org.testng.internal.MethodRunner.runInSequence(MethodRunner.java:46)
at org.testng.internal.TestInvoker$MethodInvocationAgent.invoke(TestInvoker.java:824)
at org.testng.internal.TestInvoker.invokeTestMethods(TestInvoker.java:146)
at org.testng.internal.TestMethodWorker.invokeTestMethods(TestMethodWorker.java:146)
at org.testng.internal.TestMethodWorker.run(TestMethodWorker.java:128)
at java.base/java.util.ArrayList.forEach(ArrayList.java:1511)
at org.testng.TestRunner.privateRun(TestRunner.java:794)
at org.testng.TestRunner.run(TestRunner.java:596)
at org.testng.SuiteRunner.runTest(SuiteRunner.java:377)
at org.testng.SuiteRunner.runSequentially(SuiteRunner.java:371)
at org.testng.SuiteRunner.privateRun(SuiteRunner.java:332)
at org.testng.SuiteRunner.run(SuiteRunner.java:276)
at org.testng.SuiteRunnerWorker.runSuite(SuiteRunnerWorker.java:53)
at org.testng.SuiteRunnerWorker.run(SuiteRunnerWorker.java:96)
at org.testng.TestNG.runSuitesSequentially(TestNG.java:1212)
at org.testng.TestNG.runSuitesLocally(TestNG.java:1134)
at org.testng.TestNG.runSuites(TestNG.java:1063)
at org.testng.TestNG.run(TestNG.java:1031)
at org.testng.remote.AbstractRemoteTestNG.run(AbstractRemoteTestNG.java:115)
at org.testng.remote.RemoteTestNG.initAndRun(RemoteTestNG.java:251)
at org.testng.remote.RemoteTestNG.main(RemoteTestNG.java:77)
]]>
    </error>
  </testcase> <!-- removeAccount -->
  <system-out>
    <![CDATA[from remove Account]]>
  </system-out>
</testsuite> <!-- practice.TC_16Test -->
